<?xml version="1.0" encoding="UTF-8"?>
<!-- Generated by org.testng.reporters.JUnitReportReporter -->
<testsuite hostname="Meesha" failures="0" tests="1" name="mavenjenkin.login" time="3.298" errors="0" timestamp="2022-03-01T19:39:57 IST" skipped="0">
  <testcase classname="mavenjenkin.login" name="loginTest" time="3.298"/>
  <system-out/>
</testsuite> <!-- mavenjenkin.login -->
